[01m[K/home/radu/tiltUp3_ws/src/laird_comm/src/receiver_node.cc:[m[K In member function â€˜[01m[Kvoid LairdCommunicationReceiverNode::readData()[m[Kâ€™:
[01m[K/home/radu/tiltUp3_ws/src/laird_comm/src/receiver_node.cc:176:9:[m[K [01;31m[Kerror: [m[Kâ€˜[01m[Kzf[m[Kâ€™ was not declared in this scope
         zf<=zf_max_ && zf>=zf_min_ &&
[01;32m[K         ^[m[K
[01m[K/home/radu/tiltUp3_ws/src/laird_comm/src/receiver_node.cc:[m[K In constructor â€˜[01m[KLairdCommunicationReceiverNode::LairdCommunicationReceiverNode(const ros::NodeHandle&)[m[Kâ€™:
[01m[K/home/radu/tiltUp3_ws/src/laird_comm/src/receiver_node.cc:34:65:[m[K [01;35m[Kwarning: [m[Kignoring return value of â€˜[01m[Kint system(const char*)[m[Kâ€™, declared with attribute warn_unused_result [-Wunused-result]
   system("echo 'pop123123' | sudo -S stty -F /dev/ttyS4 115200");
[01;32m[K                                                                 ^[m[K
make[2]: *** [CMakeFiles/receiver_node.dir/src/receiver_node.cc.o] Error 1
make[1]: *** [CMakeFiles/receiver_node.dir/all] Error 2
make: *** [all] Error 2
