[01m[K/home/radu/tiltUp3_ws/src/mav_ilqr_control/src/ilqr_control_node.cc:[m[K In member function â€˜[01m[Kvoid IterativeLinearQuadraticRegulatorNode::odoCallback_angular_rate(const ConstPtr&)[m[Kâ€™:
[01m[K/home/radu/tiltUp3_ws/src/mav_ilqr_control/src/ilqr_control_node.cc:422:5:[m[K [01;31m[Kerror: [m[Kâ€˜[01m[Kget[m[Kâ€™ was not declared in this scope
     get states
[01;32m[K     ^[m[K
[01m[K/home/radu/tiltUp3_ws/src/mav_ilqr_control/src/ilqr_control_node.cc:422:5:[m[K [01;36m[Knote: [m[Ksuggested alternatives:
In file included from [01m[K/usr/include/c++/5/bits/unique_ptr.h:37:0[m[K,
                 from [01m[K/usr/include/c++/5/bits/locale_conv.h:41[m[K,
                 from [01m[K/usr/include/c++/5/locale:43[m[K,
                 from [01m[K/usr/include/c++/5/iomanip:43[m[K,
                 from [01m[K/usr/include/boost/math/policies/error_handling.hpp:12[m[K,
                 from [01m[K/usr/include/boost/math/special_functions/round.hpp:14[m[K,
                 from [01m[K/opt/ros/kinetic/include/ros/time.h:58[m[K,
                 from [01m[K/opt/ros/kinetic/include/ros/ros.h:38[m[K,
                 from [01m[K/home/radu/tiltUp3_ws/src/mav_ilqr_control/include/mav_ilqr_control/ilqr_control_node.h:4[m[K,
                 from [01m[K/home/radu/tiltUp3_ws/src/mav_ilqr_control/src/ilqr_control_node.cc:1[m[K:
[01m[K/usr/include/c++/5/tuple:844:5:[m[K [01;36m[Knote: [m[K  â€˜[01m[Kstd::get[m[Kâ€™
     get(tuple<_Elements...>&& __t) noexcept
[01;32m[K     ^[m[K
In file included from [01m[K/opt/ros/kinetic/include/ros/ros.h:54:0[m[K,
                 from [01m[K/home/radu/tiltUp3_ws/src/mav_ilqr_control/include/mav_ilqr_control/ilqr_control_node.h:4[m[K,
                 from [01m[K/home/radu/tiltUp3_ws/src/mav_ilqr_control/src/ilqr_control_node.cc:1[m[K:
[01m[K/opt/ros/kinetic/include/ros/param.h:465:18:[m[K [01;36m[Knote: [m[K  â€˜[01m[Kros::param::get[m[Kâ€™
 ROSCPP_DECL bool get(const std::string& key, std::map<std::string, bool>& map);
[01;32m[K                  ^[m[K
In file included from [01m[K/usr/include/boost/optional.hpp:15:0[m[K,
                 from [01m[K/usr/include/boost/format/internals.hpp:20[m[K,
                 from [01m[K/usr/include/boost/format.hpp:38[m[K,
                 from [01m[K/usr/include/boost/math/policies/error_handling.hpp:31[m[K,
                 from [01m[K/usr/include/boost/math/special_functions/round.hpp:14[m[K,
                 from [01m[K/opt/ros/kinetic/include/ros/time.h:58[m[K,
                 from [01m[K/opt/ros/kinetic/include/ros/ros.h:38[m[K,
                 from [01m[K/home/radu/tiltUp3_ws/src/mav_ilqr_control/include/mav_ilqr_control/ilqr_control_node.h:4[m[K,
                 from [01m[K/home/radu/tiltUp3_ws/src/mav_ilqr_control/src/ilqr_control_node.cc:1[m[K:
[01m[K/usr/include/boost/optional/optional.hpp:1210:1:[m[K [01;36m[Knote: [m[K  â€˜[01m[Kboost::get[m[Kâ€™
 get ( optional<T>* opt )
[01;32m[K ^[m[K
[01m[K/home/radu/tiltUp3_ws/src/mav_ilqr_control/src/ilqr_control_node.cc:424:22:[m[K [01;31m[Kerror: [m[Kâ€˜[01m[Kquat[m[Kâ€™ was not declared in this scope
     tf::Quaternion q(quat.x, quat.y, quat.z, quat.w);
[01;32m[K                      ^[m[K
make[2]: *** [CMakeFiles/ilqr_control_node.dir/src/ilqr_control_node.cc.o] Error 1
make[1]: *** [CMakeFiles/ilqr_control_node.dir/all] Error 2
make: *** [all] Error 2
